0 info it worked if it ends with ok
1 verbose cli [ '/usr/local/bin/node',
1 verbose cli   '/usr/local/bin/npm',
1 verbose cli   'run',
1 verbose cli   'start-dev' ]
2 info using npm@4.1.2
3 info using node@v7.7.1
4 verbose run-script [ 'prestart-dev', 'start-dev', 'poststart-dev' ]
5 info lifecycle trip-planner@1.0.0~prestart-dev: trip-planner@1.0.0
6 silly lifecycle trip-planner@1.0.0~prestart-dev: no script for prestart-dev, continuing
7 info lifecycle trip-planner@1.0.0~start-dev: trip-planner@1.0.0
8 verbose lifecycle trip-planner@1.0.0~start-dev: unsafe-perm in lifecycle true
9 verbose lifecycle trip-planner@1.0.0~start-dev: PATH: /usr/local/lib/node_modules/npm/bin/node-gyp-bin:/Users/Daniel/Documents/Portfolio/trip-planner/node_modules/.bin:/Library/Frameworks/Python.framework/Versions/2.7/bin:/Library/Frameworks/Python.framework/Versions/3.6/bin:/usr/local/bin:/usr/bin:/bin:/usr/sbin:/sbin:/Library/Frameworks/Mono.framework/Versions/Current/Commands:/Applications/Postgres.app/Contents/Versions/latest/bin
10 verbose lifecycle trip-planner@1.0.0~start-dev: CWD: /Users/Daniel/Documents/Portfolio/trip-planner
11 silly lifecycle trip-planner@1.0.0~start-dev: Args: [ '-c',
11 silly lifecycle   'concurrently --kill-others "npm run build-dev" "nodemon -e js ./server/index.js"' ]
12 silly lifecycle trip-planner@1.0.0~start-dev: Returned: code: 1  signal: null
13 info lifecycle trip-planner@1.0.0~start-dev: Failed to exec start-dev script
14 verbose stack Error: trip-planner@1.0.0 start-dev: `concurrently --kill-others "npm run build-dev" "nodemon -e js ./server/index.js"`
14 verbose stack Exit status 1
14 verbose stack     at EventEmitter.<anonymous> (/usr/local/lib/node_modules/npm/lib/utils/lifecycle.js:279:16)
14 verbose stack     at emitTwo (events.js:106:13)
14 verbose stack     at EventEmitter.emit (events.js:194:7)
14 verbose stack     at ChildProcess.<anonymous> (/usr/local/lib/node_modules/npm/lib/utils/spawn.js:40:14)
14 verbose stack     at emitTwo (events.js:106:13)
14 verbose stack     at ChildProcess.emit (events.js:194:7)
14 verbose stack     at maybeClose (internal/child_process.js:899:16)
14 verbose stack     at Process.ChildProcess._handle.onexit (internal/child_process.js:226:5)
15 verbose pkgid trip-planner@1.0.0
16 verbose cwd /Users/Daniel/Documents/Portfolio/trip-planner
17 error Darwin 16.5.0
18 error argv "/usr/local/bin/node" "/usr/local/bin/npm" "run" "start-dev"
19 error node v7.7.1
20 error npm  v4.1.2
21 error code ELIFECYCLE
22 error trip-planner@1.0.0 start-dev: `concurrently --kill-others "npm run build-dev" "nodemon -e js ./server/index.js"`
22 error Exit status 1
23 error Failed at the trip-planner@1.0.0 start-dev script 'concurrently --kill-others "npm run build-dev" "nodemon -e js ./server/index.js"'.
23 error Make sure you have the latest version of node.js and npm installed.
23 error If you do, this is most likely a problem with the trip-planner package,
23 error not with npm itself.
23 error Tell the author that this fails on your system:
23 error     concurrently --kill-others "npm run build-dev" "nodemon -e js ./server/index.js"
23 error You can get information on how to open an issue for this project with:
23 error     npm bugs trip-planner
23 error Or if that isn't available, you can get their info via:
23 error     npm owner ls trip-planner
23 error There is likely additional logging output above.
24 verbose exit [ 1, true ]
